q:\mbam\opencl\qtopencl\debug\vc120.pdb
q:\mbam\opencl\qtopencl\debug\qclworksize.obj
q:\mbam\opencl\qtopencl\debug\qclvector.obj
q:\mbam\opencl\qtopencl\debug\qcluserevent.obj
q:\mbam\opencl\qtopencl\debug\qclsampler.obj
q:\mbam\opencl\qtopencl\debug\qclprogram.obj
q:\mbam\opencl\qtopencl\debug\qclplatform.obj
q:\mbam\opencl\qtopencl\debug\qclmemoryobject.obj
q:\mbam\opencl\qtopencl\debug\qclkernel.obj
q:\mbam\opencl\qtopencl\debug\qclimageformat.obj
q:\mbam\opencl\qtopencl\debug\qclimage.obj
q:\mbam\opencl\qtopencl\debug\qclevent.obj
q:\mbam\opencl\qtopencl\debug\qcldevice.obj
q:\mbam\opencl\qtopencl\debug\qclcontext.obj
q:\mbam\opencl\qtopencl\debug\qclcommandqueue.obj
q:\mbam\opencl\qtopencl\debug\qclbuffer.obj
q:\mbam\opencl\lib\win32\debug\qtopencl.lib
q:\mbam\opencl\qtopencl\..\lib\win32\debug\qtopencl.lib
q:\mbam\opencl\qtopencl\debug\qtopencl.tlog\cl.command.1.tlog
q:\mbam\opencl\qtopencl\debug\qtopencl.tlog\cl.read.1.tlog
q:\mbam\opencl\qtopencl\debug\qtopencl.tlog\cl.write.1.tlog
q:\mbam\opencl\qtopencl\debug\qtopencl.tlog\lib-link.read.1.tlog
q:\mbam\opencl\qtopencl\debug\qtopencl.tlog\lib-link.write.1.tlog
q:\mbam\opencl\qtopencl\debug\qtopencl.tlog\lib.command.1.tlog
