q:\mbam\opencl\openclproofofconcept\debug\vc120.pdb
q:\mbam\opencl\openclproofofconcept\debug\qrc_qml.obj
q:\mbam\opencl\openclproofofconcept\debug\moc_testscanner.obj
q:\mbam\opencl\openclproofofconcept\debug\moc_queuefilesoperation.obj
q:\mbam\opencl\openclproofofconcept\debug\moc_openclprogram.obj
q:\mbam\opencl\openclproofofconcept\debug\moc_deviceboundscanoperation.obj
q:\mbam\opencl\openclproofofconcept\debug\moc_cpuboundscanoperations.obj
q:\mbam\opencl\openclproofofconcept\debug\main.obj
q:\mbam\opencl\openclproofofconcept\debug\testscanner.obj
q:\mbam\opencl\openclproofofconcept\debug\queuefilesoperation.obj
q:\mbam\opencl\openclproofofconcept\debug\openclprogram.obj
q:\mbam\opencl\openclproofofconcept\debug\deviceboundscanoperation.obj
q:\mbam\opencl\openclproofofconcept\debug\cpuboundscanoperations.obj
q:\mbam\opencl\openclproofofconcept\debug\moc_cpuboundscanoperations.cpp
q:\mbam\opencl\openclproofofconcept\debug\moc_deviceboundscanoperation.cpp
q:\mbam\opencl\openclproofofconcept\debug\moc_openclprogram.cpp
q:\mbam\opencl\openclproofofconcept\debug\moc_queuefilesoperation.cpp
q:\mbam\opencl\openclproofofconcept\debug\moc_testscanner.cpp
q:\mbam\opencl\openclproofofconcept\debug\qrc_qml.cpp
q:\mbam\opencl\openclproofofconcept\debug\moc_iscanworker.cpp
q:\mbam\opencl\openclproofofconcept\debug\moc_gpuscanworker.cpp
q:\mbam\opencl\openclproofofconcept\debug\openclproofofconcept.ilk
q:\mbam\opencl\openclproofofconcept\debug\openclproofofconcept.exe
q:\mbam\opencl\openclproofofconcept\debug\openclproofofconcept.pdb
q:\mbam\opencl\openclproofofconcept\debug\openclproofofconcept.lib
q:\mbam\opencl\openclproofofconcept\debug\openclproofofconcept.exp
q:\mbam\opencl\openclproofofconcept\debug\openclpr.13d4a224.tlog\cl.command.1.tlog
q:\mbam\opencl\openclproofofconcept\debug\openclpr.13d4a224.tlog\cl.read.1.tlog
q:\mbam\opencl\openclproofofconcept\debug\openclpr.13d4a224.tlog\cl.write.1.tlog
q:\mbam\opencl\openclproofofconcept\debug\openclpr.13d4a224.tlog\custombuild.command.1.tlog
q:\mbam\opencl\openclproofofconcept\debug\openclpr.13d4a224.tlog\custombuild.read.1.tlog
q:\mbam\opencl\openclproofofconcept\debug\openclpr.13d4a224.tlog\custombuild.write.1.tlog
q:\mbam\opencl\openclproofofconcept\debug\openclpr.13d4a224.tlog\link.command.1.tlog
q:\mbam\opencl\openclproofofconcept\debug\openclpr.13d4a224.tlog\link.read.1.tlog
q:\mbam\opencl\openclproofofconcept\debug\openclpr.13d4a224.tlog\link.write.1.tlog
q:\mbam\opencl\openclproofofconcept\debug\openclpr.13d4a224.tlog\openclproofofconcept.write.1u.tlog
